<?xml version="1.0" encoding="UTF-8"?>
<!-- Generated by org.testng.reporters.JUnitReportReporter -->
<testsuite hostname="DESKTOP-6E7BQPE" name="com.smart.lajim.service.UserServiceTest" tests="3" failures="0" timestamp="8 Nov 2017 13:24:06 GMT" time="1.134" errors="0">
  <testcase name="testFindUserByUserName" time="0.421" classname="com.smart.lajim.service.UserServiceTest"/>
  <testcase name="testAddLoginLog" time="0.375" classname="com.smart.lajim.service.UserServiceTest"/>
  <testcase name="testHasMatchUser" time="0.338" classname="com.smart.lajim.service.UserServiceTest"/>
</testsuite> <!-- com.smart.lajim.service.UserServiceTest -->
